<?xml version="1.0" encoding="UTF-8"?>
<!-- Generated by org.testng.reporters.JUnitXMLReporter -->
<testsuite ignored="3" hostname="LAPTOP-9081R7OK" failures="6" tests="8" name="Test" time="229.98" errors="0" timestamp="18 Oct 2023 12:23:26 GMT">
  <testcase classname="Test_Case_Home.TC_ID_09_01" name="Login2App" time="34.054"/>
  <testcase classname="Test_Case_Home.TC_ID_09_02" name="Login2App" time="10.592">
    <failure type="org.openqa.selenium.NoSuchElementException" message="An element could not be located on the page using the given search parameters.
For documentation on this error, please visit: http://seleniumhq.org/exceptions/no_such_element.html
Build info: version: &amp;apos;3.12.0&amp;apos;, revision: &amp;apos;7c6e0b3&amp;apos;, time: &amp;apos;2018-05-08T14:04:26.12Z&amp;apos;
System info: host: &amp;apos;LAPTOP-9081R7OK&amp;apos;, ip: &amp;apos;192.168.42.200&amp;apos;, os.name: &amp;apos;Windows 11&amp;apos;, os.arch: &amp;apos;amd64&amp;apos;, os.version: &amp;apos;10.0&amp;apos;, java.version: &amp;apos;17.0.7&amp;apos;
Driver info: io.appium.java_client.android.AndroidDriver
Capabilities {app: C:\Users\RohitFulzele\Deskt..., appPackage: com.rcs.krishlal, connectHardwareKeyboard: true, databaseEnabled: false, desired: {app: C:\Users\RohitFulzele\Deskt..., connectHardwareKeyboard: true, deviceName: Redmi Note 11T 5G, newCommandTimeout: 3600, platformName: android, platformVersion: 14.0.2, udid: 6TNNUCBIO7QW8HWC}, deviceApiLevel: 33, deviceManufacturer: Xiaomi, deviceModel: 21091116AI, deviceName: 6TNNUCBIO7QW8HWC, deviceScreenDensity: 440, deviceScreenSize: 1080x2400, deviceUDID: 6TNNUCBIO7QW8HWC, javascriptEnabled: true, locationContextEnabled: false, networkConnectionEnabled: true, newCommandTimeout: 3600, pixelRatio: 2.75, platform: LINUX, platformName: Android, platformVersion: 13, statBarHeight: 96, takesScreenshot: true, udid: 6TNNUCBIO7QW8HWC, viewportRect: {height: 2078, left: 0, top: 96, width: 1080}, warnings: {}, webStorageEnabled: false}
Session ID: 0f129f2e-af67-4340-8cd5-1529e0603263
*** Element info: {Using=xpath, value=//android.view.View[@content-desc=&amp;quot;English&amp;quot;]}">
      <![CDATA[org.openqa.selenium.NoSuchElementException: An element could not be located on the page using the given search parameters.
For documentation on this error, please visit: http://seleniumhq.org/exceptions/no_such_element.html
Build info: version: '3.12.0', revision: '7c6e0b3', time: '2018-05-08T14:04:26.12Z'
System info: host: 'LAPTOP-9081R7OK', ip: '192.168.42.200', os.name: 'Windows 11', os.arch: 'amd64', os.version: '10.0', java.version: '17.0.7'
Driver info: io.appium.java_client.android.AndroidDriver
Capabilities {app: C:\Users\RohitFulzele\Deskt..., appPackage: com.rcs.krishlal, connectHardwareKeyboard: true, databaseEnabled: false, desired: {app: C:\Users\RohitFulzele\Deskt..., connectHardwareKeyboard: true, deviceName: Redmi Note 11T 5G, newCommandTimeout: 3600, platformName: android, platformVersion: 14.0.2, udid: 6TNNUCBIO7QW8HWC}, deviceApiLevel: 33, deviceManufacturer: Xiaomi, deviceModel: 21091116AI, deviceName: 6TNNUCBIO7QW8HWC, deviceScreenDensity: 440, deviceScreenSize: 1080x2400, deviceUDID: 6TNNUCBIO7QW8HWC, javascriptEnabled: true, locationContextEnabled: false, networkConnectionEnabled: true, newCommandTimeout: 3600, pixelRatio: 2.75, platform: LINUX, platformName: Android, platformVersion: 13, statBarHeight: 96, takesScreenshot: true, udid: 6TNNUCBIO7QW8HWC, viewportRect: {height: 2078, left: 0, top: 96, width: 1080}, warnings: {}, webStorageEnabled: false}
Session ID: 0f129f2e-af67-4340-8cd5-1529e0603263
*** Element info: {Using=xpath, value=//android.view.View[@content-desc="English"]}
	at org.openqa.selenium.remote.http.W3CHttpResponseCodec.createException(W3CHttpResponseCodec.java:187)
	at org.openqa.selenium.remote.http.W3CHttpResponseCodec.decode(W3CHttpResponseCodec.java:122)
	at org.openqa.selenium.remote.http.W3CHttpResponseCodec.decode(W3CHttpResponseCodec.java:49)
	at org.openqa.selenium.remote.HttpCommandExecutor.execute(HttpCommandExecutor.java:158)
	at io.appium.java_client.remote.AppiumCommandExecutor.execute(AppiumCommandExecutor.java:231)
	at org.openqa.selenium.remote.RemoteWebDriver.execute(RemoteWebDriver.java:543)
	at io.appium.java_client.DefaultGenericMobileDriver.execute(DefaultGenericMobileDriver.java:42)
	at io.appium.java_client.AppiumDriver.execute(AppiumDriver.java:1)
	at io.appium.java_client.android.AndroidDriver.execute(AndroidDriver.java:1)
	at org.openqa.selenium.remote.RemoteWebDriver.findElement(RemoteWebDriver.java:317)
	at io.appium.java_client.DefaultGenericMobileDriver.findElement(DefaultGenericMobileDriver.java:62)
	at io.appium.java_client.AppiumDriver.findElement(AppiumDriver.java:1)
	at io.appium.java_client.android.AndroidDriver.findElement(AndroidDriver.java:1)
	at org.openqa.selenium.remote.RemoteWebDriver.findElementByXPath(RemoteWebDriver.java:419)
	at io.appium.java_client.DefaultGenericMobileDriver.findElementByXPath(DefaultGenericMobileDriver.java:152)
	at io.appium.java_client.AppiumDriver.findElementByXPath(AppiumDriver.java:1)
	at io.appium.java_client.android.AndroidDriver.findElementByXPath(AndroidDriver.java:1)
	at org.openqa.selenium.By$ByXPath.findElement(By.java:353)
	at org.openqa.selenium.remote.RemoteWebDriver.findElement(RemoteWebDriver.java:309)
	at io.appium.java_client.DefaultGenericMobileDriver.findElement(DefaultGenericMobileDriver.java:58)
	at io.appium.java_client.AppiumDriver.findElement(AppiumDriver.java:1)
	at io.appium.java_client.android.AndroidDriver.findElement(AndroidDriver.java:1)
	at mobileAppLaunch.Login_User1.Login_User1_Seller(Login_User1.java:24)
	at Test_Case_Home.TC_ID_09_02.Login2App(TC_ID_09_02.java:31)
... Removed 30 stack frames]]>
    </failure>
  </testcase> <!-- Login2App -->
  <testcase classname="Test_Case_Home.TC_ID_09_03" name="Login2App" time="10.643">
    <failure type="org.openqa.selenium.NoSuchElementException" message="An element could not be located on the page using the given search parameters.
For documentation on this error, please visit: http://seleniumhq.org/exceptions/no_such_element.html
Build info: version: &amp;apos;3.12.0&amp;apos;, revision: &amp;apos;7c6e0b3&amp;apos;, time: &amp;apos;2018-05-08T14:04:26.12Z&amp;apos;
System info: host: &amp;apos;LAPTOP-9081R7OK&amp;apos;, ip: &amp;apos;192.168.42.200&amp;apos;, os.name: &amp;apos;Windows 11&amp;apos;, os.arch: &amp;apos;amd64&amp;apos;, os.version: &amp;apos;10.0&amp;apos;, java.version: &amp;apos;17.0.7&amp;apos;
Driver info: io.appium.java_client.android.AndroidDriver
Capabilities {app: C:\Users\RohitFulzele\Deskt..., appPackage: com.rcs.krishlal, connectHardwareKeyboard: true, databaseEnabled: false, desired: {app: C:\Users\RohitFulzele\Deskt..., connectHardwareKeyboard: true, deviceName: Redmi Note 11T 5G, newCommandTimeout: 3600, platformName: android, platformVersion: 14.0.2, udid: 6TNNUCBIO7QW8HWC}, deviceApiLevel: 33, deviceManufacturer: Xiaomi, deviceModel: 21091116AI, deviceName: 6TNNUCBIO7QW8HWC, deviceScreenDensity: 440, deviceScreenSize: 1080x2400, deviceUDID: 6TNNUCBIO7QW8HWC, javascriptEnabled: true, locationContextEnabled: false, networkConnectionEnabled: true, newCommandTimeout: 3600, pixelRatio: 2.75, platform: LINUX, platformName: Android, platformVersion: 13, statBarHeight: 96, takesScreenshot: true, udid: 6TNNUCBIO7QW8HWC, viewportRect: {height: 2078, left: 0, top: 96, width: 1080}, warnings: {}, webStorageEnabled: false}
Session ID: 0f129f2e-af67-4340-8cd5-1529e0603263
*** Element info: {Using=xpath, value=//android.view.View[@content-desc=&amp;quot;English&amp;quot;]}">
      <![CDATA[org.openqa.selenium.NoSuchElementException: An element could not be located on the page using the given search parameters.
For documentation on this error, please visit: http://seleniumhq.org/exceptions/no_such_element.html
Build info: version: '3.12.0', revision: '7c6e0b3', time: '2018-05-08T14:04:26.12Z'
System info: host: 'LAPTOP-9081R7OK', ip: '192.168.42.200', os.name: 'Windows 11', os.arch: 'amd64', os.version: '10.0', java.version: '17.0.7'
Driver info: io.appium.java_client.android.AndroidDriver
Capabilities {app: C:\Users\RohitFulzele\Deskt..., appPackage: com.rcs.krishlal, connectHardwareKeyboard: true, databaseEnabled: false, desired: {app: C:\Users\RohitFulzele\Deskt..., connectHardwareKeyboard: true, deviceName: Redmi Note 11T 5G, newCommandTimeout: 3600, platformName: android, platformVersion: 14.0.2, udid: 6TNNUCBIO7QW8HWC}, deviceApiLevel: 33, deviceManufacturer: Xiaomi, deviceModel: 21091116AI, deviceName: 6TNNUCBIO7QW8HWC, deviceScreenDensity: 440, deviceScreenSize: 1080x2400, deviceUDID: 6TNNUCBIO7QW8HWC, javascriptEnabled: true, locationContextEnabled: false, networkConnectionEnabled: true, newCommandTimeout: 3600, pixelRatio: 2.75, platform: LINUX, platformName: Android, platformVersion: 13, statBarHeight: 96, takesScreenshot: true, udid: 6TNNUCBIO7QW8HWC, viewportRect: {height: 2078, left: 0, top: 96, width: 1080}, warnings: {}, webStorageEnabled: false}
Session ID: 0f129f2e-af67-4340-8cd5-1529e0603263
*** Element info: {Using=xpath, value=//android.view.View[@content-desc="English"]}
	at org.openqa.selenium.remote.http.W3CHttpResponseCodec.createException(W3CHttpResponseCodec.java:187)
	at org.openqa.selenium.remote.http.W3CHttpResponseCodec.decode(W3CHttpResponseCodec.java:122)
	at org.openqa.selenium.remote.http.W3CHttpResponseCodec.decode(W3CHttpResponseCodec.java:49)
	at org.openqa.selenium.remote.HttpCommandExecutor.execute(HttpCommandExecutor.java:158)
	at io.appium.java_client.remote.AppiumCommandExecutor.execute(AppiumCommandExecutor.java:231)
	at org.openqa.selenium.remote.RemoteWebDriver.execute(RemoteWebDriver.java:543)
	at io.appium.java_client.DefaultGenericMobileDriver.execute(DefaultGenericMobileDriver.java:42)
	at io.appium.java_client.AppiumDriver.execute(AppiumDriver.java:1)
	at io.appium.java_client.android.AndroidDriver.execute(AndroidDriver.java:1)
	at org.openqa.selenium.remote.RemoteWebDriver.findElement(RemoteWebDriver.java:317)
	at io.appium.java_client.DefaultGenericMobileDriver.findElement(DefaultGenericMobileDriver.java:62)
	at io.appium.java_client.AppiumDriver.findElement(AppiumDriver.java:1)
	at io.appium.java_client.android.AndroidDriver.findElement(AndroidDriver.java:1)
	at org.openqa.selenium.remote.RemoteWebDriver.findElementByXPath(RemoteWebDriver.java:419)
	at io.appium.java_client.DefaultGenericMobileDriver.findElementByXPath(DefaultGenericMobileDriver.java:152)
	at io.appium.java_client.AppiumDriver.findElementByXPath(AppiumDriver.java:1)
	at io.appium.java_client.android.AndroidDriver.findElementByXPath(AndroidDriver.java:1)
	at org.openqa.selenium.By$ByXPath.findElement(By.java:353)
	at org.openqa.selenium.remote.RemoteWebDriver.findElement(RemoteWebDriver.java:309)
	at io.appium.java_client.DefaultGenericMobileDriver.findElement(DefaultGenericMobileDriver.java:58)
	at io.appium.java_client.AppiumDriver.findElement(AppiumDriver.java:1)
	at io.appium.java_client.android.AndroidDriver.findElement(AndroidDriver.java:1)
	at mobileAppLaunch.Login_User1.Login_User1_Seller(Login_User1.java:24)
	at Test_Case_Home.TC_ID_09_03.Login2App(TC_ID_09_03.java:31)
... Removed 30 stack frames]]>
    </failure>
  </testcase> <!-- Login2App -->
  <testcase classname="Test_Case_Home.TC_ID_09_04" name="Login2App" time="10.539">
    <failure type="org.openqa.selenium.NoSuchElementException" message="An element could not be located on the page using the given search parameters.
For documentation on this error, please visit: http://seleniumhq.org/exceptions/no_such_element.html
Build info: version: &amp;apos;3.12.0&amp;apos;, revision: &amp;apos;7c6e0b3&amp;apos;, time: &amp;apos;2018-05-08T14:04:26.12Z&amp;apos;
System info: host: &amp;apos;LAPTOP-9081R7OK&amp;apos;, ip: &amp;apos;192.168.42.200&amp;apos;, os.name: &amp;apos;Windows 11&amp;apos;, os.arch: &amp;apos;amd64&amp;apos;, os.version: &amp;apos;10.0&amp;apos;, java.version: &amp;apos;17.0.7&amp;apos;
Driver info: io.appium.java_client.android.AndroidDriver
Capabilities {app: C:\Users\RohitFulzele\Deskt..., appPackage: com.rcs.krishlal, connectHardwareKeyboard: true, databaseEnabled: false, desired: {app: C:\Users\RohitFulzele\Deskt..., connectHardwareKeyboard: true, deviceName: Redmi Note 11T 5G, newCommandTimeout: 3600, platformName: android, platformVersion: 14.0.2, udid: 6TNNUCBIO7QW8HWC}, deviceApiLevel: 33, deviceManufacturer: Xiaomi, deviceModel: 21091116AI, deviceName: 6TNNUCBIO7QW8HWC, deviceScreenDensity: 440, deviceScreenSize: 1080x2400, deviceUDID: 6TNNUCBIO7QW8HWC, javascriptEnabled: true, locationContextEnabled: false, networkConnectionEnabled: true, newCommandTimeout: 3600, pixelRatio: 2.75, platform: LINUX, platformName: Android, platformVersion: 13, statBarHeight: 96, takesScreenshot: true, udid: 6TNNUCBIO7QW8HWC, viewportRect: {height: 2078, left: 0, top: 96, width: 1080}, warnings: {}, webStorageEnabled: false}
Session ID: 0f129f2e-af67-4340-8cd5-1529e0603263
*** Element info: {Using=xpath, value=//android.view.View[@content-desc=&amp;quot;English&amp;quot;]}">
      <![CDATA[org.openqa.selenium.NoSuchElementException: An element could not be located on the page using the given search parameters.
For documentation on this error, please visit: http://seleniumhq.org/exceptions/no_such_element.html
Build info: version: '3.12.0', revision: '7c6e0b3', time: '2018-05-08T14:04:26.12Z'
System info: host: 'LAPTOP-9081R7OK', ip: '192.168.42.200', os.name: 'Windows 11', os.arch: 'amd64', os.version: '10.0', java.version: '17.0.7'
Driver info: io.appium.java_client.android.AndroidDriver
Capabilities {app: C:\Users\RohitFulzele\Deskt..., appPackage: com.rcs.krishlal, connectHardwareKeyboard: true, databaseEnabled: false, desired: {app: C:\Users\RohitFulzele\Deskt..., connectHardwareKeyboard: true, deviceName: Redmi Note 11T 5G, newCommandTimeout: 3600, platformName: android, platformVersion: 14.0.2, udid: 6TNNUCBIO7QW8HWC}, deviceApiLevel: 33, deviceManufacturer: Xiaomi, deviceModel: 21091116AI, deviceName: 6TNNUCBIO7QW8HWC, deviceScreenDensity: 440, deviceScreenSize: 1080x2400, deviceUDID: 6TNNUCBIO7QW8HWC, javascriptEnabled: true, locationContextEnabled: false, networkConnectionEnabled: true, newCommandTimeout: 3600, pixelRatio: 2.75, platform: LINUX, platformName: Android, platformVersion: 13, statBarHeight: 96, takesScreenshot: true, udid: 6TNNUCBIO7QW8HWC, viewportRect: {height: 2078, left: 0, top: 96, width: 1080}, warnings: {}, webStorageEnabled: false}
Session ID: 0f129f2e-af67-4340-8cd5-1529e0603263
*** Element info: {Using=xpath, value=//android.view.View[@content-desc="English"]}
	at org.openqa.selenium.remote.http.W3CHttpResponseCodec.createException(W3CHttpResponseCodec.java:187)
	at org.openqa.selenium.remote.http.W3CHttpResponseCodec.decode(W3CHttpResponseCodec.java:122)
	at org.openqa.selenium.remote.http.W3CHttpResponseCodec.decode(W3CHttpResponseCodec.java:49)
	at org.openqa.selenium.remote.HttpCommandExecutor.execute(HttpCommandExecutor.java:158)
	at io.appium.java_client.remote.AppiumCommandExecutor.execute(AppiumCommandExecutor.java:231)
	at org.openqa.selenium.remote.RemoteWebDriver.execute(RemoteWebDriver.java:543)
	at io.appium.java_client.DefaultGenericMobileDriver.execute(DefaultGenericMobileDriver.java:42)
	at io.appium.java_client.AppiumDriver.execute(AppiumDriver.java:1)
	at io.appium.java_client.android.AndroidDriver.execute(AndroidDriver.java:1)
	at org.openqa.selenium.remote.RemoteWebDriver.findElement(RemoteWebDriver.java:317)
	at io.appium.java_client.DefaultGenericMobileDriver.findElement(DefaultGenericMobileDriver.java:62)
	at io.appium.java_client.AppiumDriver.findElement(AppiumDriver.java:1)
	at io.appium.java_client.android.AndroidDriver.findElement(AndroidDriver.java:1)
	at org.openqa.selenium.remote.RemoteWebDriver.findElementByXPath(RemoteWebDriver.java:419)
	at io.appium.java_client.DefaultGenericMobileDriver.findElementByXPath(DefaultGenericMobileDriver.java:152)
	at io.appium.java_client.AppiumDriver.findElementByXPath(AppiumDriver.java:1)
	at io.appium.java_client.android.AndroidDriver.findElementByXPath(AndroidDriver.java:1)
	at org.openqa.selenium.By$ByXPath.findElement(By.java:353)
	at org.openqa.selenium.remote.RemoteWebDriver.findElement(RemoteWebDriver.java:309)
	at io.appium.java_client.DefaultGenericMobileDriver.findElement(DefaultGenericMobileDriver.java:58)
	at io.appium.java_client.AppiumDriver.findElement(AppiumDriver.java:1)
	at io.appium.java_client.android.AndroidDriver.findElement(AndroidDriver.java:1)
	at mobileAppLaunch.Login_User1.Login_User1_Seller(Login_User1.java:24)
	at Test_Case_Home.TC_ID_09_04.Login2App(TC_ID_09_04.java:31)
... Removed 30 stack frames]]>
    </failure>
  </testcase> <!-- Login2App -->
  <testcase classname="Test_Case_Home.TC_ID_09_01" name="TC_ID_09_01" time="143.539"/>
  <testcase classname="Test_Case_Home.TC_ID_09_02" name="TC_ID_09_01" time="0.002">
    <failure type="org.openqa.selenium.NoSuchSessionException" message="Session ID is null. Using WebDriver after calling quit()?
Build info: version: &amp;apos;3.12.0&amp;apos;, revision: &amp;apos;7c6e0b3&amp;apos;, time: &amp;apos;2018-05-08T14:04:26.12Z&amp;apos;
System info: host: &amp;apos;LAPTOP-9081R7OK&amp;apos;, ip: &amp;apos;192.168.42.200&amp;apos;, os.name: &amp;apos;Windows 11&amp;apos;, os.arch: &amp;apos;amd64&amp;apos;, os.version: &amp;apos;10.0&amp;apos;, java.version: &amp;apos;17.0.7&amp;apos;
Driver info: driver.version: AndroidDriver">
      <![CDATA[org.openqa.selenium.NoSuchSessionException: Session ID is null. Using WebDriver after calling quit()?
Build info: version: '3.12.0', revision: '7c6e0b3', time: '2018-05-08T14:04:26.12Z'
System info: host: 'LAPTOP-9081R7OK', ip: '192.168.42.200', os.name: 'Windows 11', os.arch: 'amd64', os.version: '10.0', java.version: '17.0.7'
Driver info: driver.version: AndroidDriver
	at org.openqa.selenium.remote.HttpCommandExecutor.execute(HttpCommandExecutor.java:125)
	at io.appium.java_client.remote.AppiumCommandExecutor.execute(AppiumCommandExecutor.java:231)
	at org.openqa.selenium.remote.RemoteWebDriver.execute(RemoteWebDriver.java:543)
	at io.appium.java_client.DefaultGenericMobileDriver.execute(DefaultGenericMobileDriver.java:42)
	at io.appium.java_client.AppiumDriver.execute(AppiumDriver.java:1)
	at io.appium.java_client.android.AndroidDriver.execute(AndroidDriver.java:1)
	at io.appium.java_client.PerformsTouchActions.performTouchAction(PerformsTouchActions.java:41)
	at io.appium.java_client.TouchAction.perform(TouchAction.java:187)
	at Test_Case_Home.TC_ID_09_02.TC_ID_09_01(TC_ID_09_02.java:44)
... Removed 25 stack frames]]>
    </failure>
  </testcase> <!-- TC_ID_09_01 -->
  <testcase classname="Test_Case_Home.TC_ID_09_03" name="TC_ID_09_01" time="0.002">
    <failure type="org.openqa.selenium.NoSuchSessionException" message="Session ID is null. Using WebDriver after calling quit()?
Build info: version: &amp;apos;3.12.0&amp;apos;, revision: &amp;apos;7c6e0b3&amp;apos;, time: &amp;apos;2018-05-08T14:04:26.12Z&amp;apos;
System info: host: &amp;apos;LAPTOP-9081R7OK&amp;apos;, ip: &amp;apos;192.168.42.200&amp;apos;, os.name: &amp;apos;Windows 11&amp;apos;, os.arch: &amp;apos;amd64&amp;apos;, os.version: &amp;apos;10.0&amp;apos;, java.version: &amp;apos;17.0.7&amp;apos;
Driver info: driver.version: AndroidDriver">
      <![CDATA[org.openqa.selenium.NoSuchSessionException: Session ID is null. Using WebDriver after calling quit()?
Build info: version: '3.12.0', revision: '7c6e0b3', time: '2018-05-08T14:04:26.12Z'
System info: host: 'LAPTOP-9081R7OK', ip: '192.168.42.200', os.name: 'Windows 11', os.arch: 'amd64', os.version: '10.0', java.version: '17.0.7'
Driver info: driver.version: AndroidDriver
	at org.openqa.selenium.remote.HttpCommandExecutor.execute(HttpCommandExecutor.java:125)
	at io.appium.java_client.remote.AppiumCommandExecutor.execute(AppiumCommandExecutor.java:231)
	at org.openqa.selenium.remote.RemoteWebDriver.execute(RemoteWebDriver.java:543)
	at io.appium.java_client.DefaultGenericMobileDriver.execute(DefaultGenericMobileDriver.java:42)
	at io.appium.java_client.AppiumDriver.execute(AppiumDriver.java:1)
	at io.appium.java_client.android.AndroidDriver.execute(AndroidDriver.java:1)
	at io.appium.java_client.PerformsTouchActions.performTouchAction(PerformsTouchActions.java:41)
	at io.appium.java_client.TouchAction.perform(TouchAction.java:187)
	at Test_Case_Home.TC_ID_09_03.TC_ID_09_01(TC_ID_09_03.java:44)
... Removed 25 stack frames]]>
    </failure>
  </testcase> <!-- TC_ID_09_01 -->
  <testcase classname="Test_Case_Home.TC_ID_09_04" name="TC_ID_09_01" time="0.002">
    <failure type="org.openqa.selenium.NoSuchSessionException" message="Session ID is null. Using WebDriver after calling quit()?
Build info: version: &amp;apos;3.12.0&amp;apos;, revision: &amp;apos;7c6e0b3&amp;apos;, time: &amp;apos;2018-05-08T14:04:26.12Z&amp;apos;
System info: host: &amp;apos;LAPTOP-9081R7OK&amp;apos;, ip: &amp;apos;192.168.42.200&amp;apos;, os.name: &amp;apos;Windows 11&amp;apos;, os.arch: &amp;apos;amd64&amp;apos;, os.version: &amp;apos;10.0&amp;apos;, java.version: &amp;apos;17.0.7&amp;apos;
Driver info: driver.version: AndroidDriver">
      <![CDATA[org.openqa.selenium.NoSuchSessionException: Session ID is null. Using WebDriver after calling quit()?
Build info: version: '3.12.0', revision: '7c6e0b3', time: '2018-05-08T14:04:26.12Z'
System info: host: 'LAPTOP-9081R7OK', ip: '192.168.42.200', os.name: 'Windows 11', os.arch: 'amd64', os.version: '10.0', java.version: '17.0.7'
Driver info: driver.version: AndroidDriver
	at org.openqa.selenium.remote.HttpCommandExecutor.execute(HttpCommandExecutor.java:125)
	at io.appium.java_client.remote.AppiumCommandExecutor.execute(AppiumCommandExecutor.java:231)
	at org.openqa.selenium.remote.RemoteWebDriver.execute(RemoteWebDriver.java:543)
	at io.appium.java_client.DefaultGenericMobileDriver.execute(DefaultGenericMobileDriver.java:42)
	at io.appium.java_client.AppiumDriver.execute(AppiumDriver.java:1)
	at io.appium.java_client.android.AndroidDriver.execute(AndroidDriver.java:1)
	at io.appium.java_client.PerformsTouchActions.performTouchAction(PerformsTouchActions.java:41)
	at io.appium.java_client.TouchAction.perform(TouchAction.java:187)
	at Test_Case_Home.TC_ID_09_04.TC_ID_09_01(TC_ID_09_04.java:44)
... Removed 25 stack frames]]>
    </failure>
  </testcase> <!-- TC_ID_09_01 -->
  <testcase classname="mobileAppLaunch.Launch" name="@BeforeTest setUp" time="0.0">
    <ignored/>
  </testcase> <!-- @BeforeTest setUp -->
  <testcase classname="mobileAppLaunch.Launch" name="@BeforeTest setUp" time="0.0">
    <ignored/>
  </testcase> <!-- @BeforeTest setUp -->
  <testcase classname="mobileAppLaunch.Launch" name="@BeforeTest setUp" time="0.0">
    <ignored/>
  </testcase> <!-- @BeforeTest setUp -->
</testsuite> <!-- Test -->
